app/build/intermediates/manifest_merge_blame_file/release/manifest-merger-blame-release-report.txt
1<?xml version="1.0" encoding="utf-8"?>
2<manifest xmlns:android="http://schemas.android.com/apk/res/android"
3    package="com.tensorflow.lite.DigitClassifier"
4    android:versionCode="1"
5    android:versionName="1.0" >
6
7    <uses-sdk
7-->src\main\AndroidManifest.xml:6:5-17
8        android:minSdkVersion="21"
8-->src\main\AndroidManifest.xml:6:5-17
9        android:targetSdkVersion="33" />
9-->src\main\AndroidManifest.xml:6:5-17
10
11    <application
11-->src\main\AndroidManifest.xml:8:5-31:19
12        android:allowBackup="true"
12-->src\main\AndroidManifest.xml:9:9-35
13        android:appComponentFactory="androidx.core.app.CoreComponentFactory"
13-->[androidx.core:core:1.5.0] AndroidManifest.xml:24:18-86
14        android:icon="@mipmap/ic_launcher"
14-->src\main\AndroidManifest.xml:10:9-43
15        android:label="@string/app_name"
15-->src\main\AndroidManifest.xml:11:9-41
16        android:roundIcon="@mipmap/ic_launcher_round"
16-->src\main\AndroidManifest.xml:12:9-54
17        android:supportsRtl="true"
17-->src\main\AndroidManifest.xml:13:9-35
18        android:theme="@style/AppTheme" >
18-->src\main\AndroidManifest.xml:14:9-40
19        <activity
19-->src\main\AndroidManifest.xml:16:9-18:39
20            android:name="com.tensorflow.lite.digitclassifier.PreAug"
20-->src\main\AndroidManifest.xml:17:13-35
21            android:exported="true" />
21-->src\main\AndroidManifest.xml:18:13-36
22        <activity
22-->src\main\AndroidManifest.xml:19:9-27:20
23            android:name="com.tensorflow.lite.digitclassifier.HomePage"
23-->src\main\AndroidManifest.xml:20:13-37
24            android:exported="true" >
24-->src\main\AndroidManifest.xml:21:13-36
25            <intent-filter>
25-->src\main\AndroidManifest.xml:22:13-26:29
26                <action android:name="android.intent.action.MAIN" />
26-->src\main\AndroidManifest.xml:23:17-69
26-->src\main\AndroidManifest.xml:23:25-66
27
28                <category android:name="android.intent.category.LAUNCHER" />
28-->src\main\AndroidManifest.xml:25:17-77
28-->src\main\AndroidManifest.xml:25:27-74
29            </intent-filter>
30        </activity>
31        <activity
31-->src\main\AndroidManifest.xml:28:9-30:39
32            android:name="com.tensorflow.lite.digitclassifier.PostAug"
32-->src\main\AndroidManifest.xml:29:13-36
33            android:exported="true" />
33-->src\main\AndroidManifest.xml:30:13-36
34        <activity
34-->[com.github.divyanshub024:AndroidDraw:v0.1] AndroidManifest.xml:12:9-14:66
35            android:name="com.divyanshu.draw.activity.DrawingActivity"
35-->[com.github.divyanshub024:AndroidDraw:v0.1] AndroidManifest.xml:13:13-71
36            android:theme="@style/Theme.AppCompat.NoActionBar" />
36-->[com.github.divyanshub024:AndroidDraw:v0.1] AndroidManifest.xml:14:13-63
37
38        <meta-data
38-->[com.google.android.gms:play-services-basement:17.6.0] AndroidManifest.xml:23:9-25:69
39            android:name="com.google.android.gms.version"
39-->[com.google.android.gms:play-services-basement:17.6.0] AndroidManifest.xml:24:13-58
40            android:value="@integer/google_play_services_version" />
40-->[com.google.android.gms:play-services-basement:17.6.0] AndroidManifest.xml:25:13-66
41    </application>
42
43</manifest>